2024-08-20 12:09:28,157 INFO: Application startup [in C:\Users\91709\OneDrive\Desktop\22f1001079 MAD2\backend\main.py:54]
2024-08-20 12:09:29,382 INFO: Application startup [in C:\Users\91709\OneDrive\Desktop\22f1001079 MAD2\backend\main.py:54]
2024-08-20 12:15:42,469 INFO: Fetching sections... [in C:\Users\91709\OneDrive\Desktop\22f1001079 MAD2\backend\controllers.py:170]
2024-08-20 12:15:42,475 INFO: Fetched 4 sections successfully [in C:\Users\91709\OneDrive\Desktop\22f1001079 MAD2\backend\controllers.py:173]
2024-08-20 12:16:25,177 ERROR: Error removing user: (sqlite3.IntegrityError) NOT NULL constraint failed: feedback.rating_id
[SQL: UPDATE feedback SET rating_id=? WHERE feedback.id = ?]
[parameters: (None, 11)]
(Background on this error at: https://sqlalche.me/e/20/gkpj) [in C:\Users\91709\OneDrive\Desktop\22f1001079 MAD2\backend\controllers.py:770]
2024-08-20 12:17:20,332 ERROR: Error removing user: (sqlite3.IntegrityError) NOT NULL constraint failed: feedback.rating_id
[SQL: UPDATE feedback SET rating_id=? WHERE feedback.id = ?]
[parameters: (None, 11)]
(Background on this error at: https://sqlalche.me/e/20/gkpj) [in C:\Users\91709\OneDrive\Desktop\22f1001079 MAD2\backend\controllers.py:770]
2024-08-20 12:22:12,922 INFO: Application startup [in C:\Users\91709\OneDrive\Desktop\22f1001079 MAD2\backend\main.py:54]
2024-08-20 12:22:14,312 INFO: Application startup [in C:\Users\91709\OneDrive\Desktop\22f1001079 MAD2\backend\main.py:54]
2024-08-20 12:25:12,190 INFO: Fetching sections... [in C:\Users\91709\OneDrive\Desktop\22f1001079 MAD2\backend\controllers.py:170]
2024-08-20 12:25:12,192 INFO: Fetched 4 sections successfully [in C:\Users\91709\OneDrive\Desktop\22f1001079 MAD2\backend\controllers.py:173]
2024-08-20 12:26:02,819 INFO: Fetching sections... [in C:\Users\91709\OneDrive\Desktop\22f1001079 MAD2\backend\controllers.py:170]
2024-08-20 12:26:02,819 INFO: Fetched 4 sections successfully [in C:\Users\91709\OneDrive\Desktop\22f1001079 MAD2\backend\controllers.py:173]
2024-08-20 12:26:28,807 INFO: Fetching sections... [in C:\Users\91709\OneDrive\Desktop\22f1001079 MAD2\backend\controllers.py:170]
2024-08-20 12:26:28,808 INFO: Fetched 4 sections successfully [in C:\Users\91709\OneDrive\Desktop\22f1001079 MAD2\backend\controllers.py:173]
2024-08-20 12:26:46,916 INFO: Fetching sections... [in C:\Users\91709\OneDrive\Desktop\22f1001079 MAD2\backend\controllers.py:170]
2024-08-20 12:26:46,916 INFO: Fetched 4 sections successfully [in C:\Users\91709\OneDrive\Desktop\22f1001079 MAD2\backend\controllers.py:173]
2024-08-20 12:27:49,116 INFO: Fetching sections... [in C:\Users\91709\OneDrive\Desktop\22f1001079 MAD2\backend\controllers.py:170]
2024-08-20 12:27:49,121 INFO: Fetched 4 sections successfully [in C:\Users\91709\OneDrive\Desktop\22f1001079 MAD2\backend\controllers.py:173]
2024-08-20 12:29:25,039 INFO: Fetching sections... [in C:\Users\91709\OneDrive\Desktop\22f1001079 MAD2\backend\controllers.py:170]
2024-08-20 12:29:25,039 INFO: Fetched 4 sections successfully [in C:\Users\91709\OneDrive\Desktop\22f1001079 MAD2\backend\controllers.py:173]
2024-08-20 12:29:27,898 INFO: Fetching sections... [in C:\Users\91709\OneDrive\Desktop\22f1001079 MAD2\backend\controllers.py:170]
2024-08-20 12:29:27,898 INFO: Fetched 4 sections successfully [in C:\Users\91709\OneDrive\Desktop\22f1001079 MAD2\backend\controllers.py:173]
2024-08-20 12:29:44,342 INFO: Fetching sections... [in C:\Users\91709\OneDrive\Desktop\22f1001079 MAD2\backend\controllers.py:170]
2024-08-20 12:29:44,344 INFO: Fetched 4 sections successfully [in C:\Users\91709\OneDrive\Desktop\22f1001079 MAD2\backend\controllers.py:173]
2024-08-20 12:32:34,389 INFO: Application startup [in C:\Users\91709\OneDrive\Desktop\22f1001079 MAD2\backend\main.py:54]
2024-08-20 12:32:35,692 INFO: Application startup [in C:\Users\91709\OneDrive\Desktop\22f1001079 MAD2\backend\main.py:54]
2024-08-20 12:32:48,934 INFO: Fetching sections... [in C:\Users\91709\OneDrive\Desktop\22f1001079 MAD2\backend\controllers.py:170]
2024-08-20 12:32:48,934 INFO: Fetched 4 sections successfully [in C:\Users\91709\OneDrive\Desktop\22f1001079 MAD2\backend\controllers.py:173]
2024-08-20 12:33:25,825 INFO: Fetching sections... [in C:\Users\91709\OneDrive\Desktop\22f1001079 MAD2\backend\controllers.py:170]
2024-08-20 12:33:25,828 INFO: Fetched 5 sections successfully [in C:\Users\91709\OneDrive\Desktop\22f1001079 MAD2\backend\controllers.py:173]
2024-08-20 12:33:33,350 INFO: Fetching sections... [in C:\Users\91709\OneDrive\Desktop\22f1001079 MAD2\backend\controllers.py:170]
2024-08-20 12:33:33,355 INFO: Fetched 5 sections successfully [in C:\Users\91709\OneDrive\Desktop\22f1001079 MAD2\backend\controllers.py:173]
2024-08-20 12:33:41,534 INFO: Fetching sections... [in C:\Users\91709\OneDrive\Desktop\22f1001079 MAD2\backend\controllers.py:170]
2024-08-20 12:33:41,541 INFO: Fetched 5 sections successfully [in C:\Users\91709\OneDrive\Desktop\22f1001079 MAD2\backend\controllers.py:173]
